{
  "timestamp": "2024-12-29T12:11:25+03:30",
  "message": "\u0026{GET /get?key=foo HTTP/1.1 1 1 map[Accept:[*/*] User-Agent:[curl/7.64.0]] {} \u003cnil\u003e 0 [] false localhost:6060 map[] map[] \u003cnil\u003e map[] [::1]:48938 /get?key=foo \u003cnil\u003e \u003cnil\u003e \u003cnil\u003e  0xc0002620a0 \u003cnil\u003e [] map[]}"
}
{
  "timestamp": "2024-12-29T12:19:04+03:30",
  "message": "map[ip:[::1]:56938 method:GET timestamp:2024-12-29T12:19:04+03:30 url:/get?key=foo]"
}
{
  "timestamp": "2024-12-29T12:20:13+03:30",
  "message": "{\"ip\":\"[::1]:34614\",\"method\":\"GET\",\"timestamp\":\"2024-12-29T12:20:13+03:30\",\"url\":\"/get?key=foo\"}"
}
{
  "timestamp": "2024-12-29T12:20:22+03:30",
  "message": "{\"ip\":\"[::1]:36006\",\"method\":\"GET\",\"timestamp\":\"2024-12-29T12:20:22+03:30\",\"url\":\"/get?key=foo\"}"
}
{
  "timestamp": "2024-12-29T12:20:23+03:30",
  "message": "{\"ip\":\"[::1]:36092\",\"method\":\"GET\",\"timestamp\":\"2024-12-29T12:20:23+03:30\",\"url\":\"/get?key=foo\"}"
}
{
  "timestamp": "2024-12-29T12:20:24+03:30",
  "message": "{\"ip\":\"[::1]:36384\",\"method\":\"POST\",\"timestamp\":\"2024-12-29T12:20:24+03:30\",\"url\":\"/set\"}"
}
{
  "timestamp": "2024-12-29T12:20:27+03:30",
  "message": "{\"ip\":\"[::1]:36804\",\"method\":\"GET\",\"timestamp\":\"2024-12-29T12:20:27+03:30\",\"url\":\"/get?key=foo\"}"
}
{
  "timestamp": "2024-12-29T13:15:03+03:30",
  "message": "{\"ip\":\"[::1]:43340\",\"method\":\"GET\",\"timestamp\":\"2024-12-29T13:15:03+03:30\",\"url\":\"/get?key=foo\"}"
}
